<?xml version="1.0" encoding="UTF-8"?>
<!-- Generated by org.testng.reporters.JUnitXMLReporter -->
<testsuite ignored="0" hostname="DESKTOP-TQQRH66" failures="0" tests="2" name="Mareketing" time="76.115" errors="0" timestamp="2023-11-01T21:56:12 IST">
  <testcase classname="com.rk_softwear_services.vtigerAutomation.TestScripts.MarketingAccountsTestScript" name="verifyVT001CreateAccountTestScript" time="14.381"/>
  <testcase classname="com.rk_softwear_services.vtigerAutomation.TestScripts.MarketingAccountsTestScript" name="verifyVT001CreateAccountTestScript" time="23.325"/>
</testsuite> <!-- Mareketing -->
